<?xml version="1.0" encoding="UTF-8"?>
<!-- Generated by org.testng.reporters.JUnitXMLReporter -->
<testsuite ignored="0" hostname="DESKTOP-H1PDUQ8" failures="0" tests="4" name="Add Customer Test" time="7.216" errors="0" timestamp="2024-06-10T18:15:14 IST">
  <testcase classname="testcases.AddCustomerTest" name="addCustomer" time="1.887"/>
  <testcase classname="testcases.AddCustomerTest" name="addCustomer" time="1.592"/>
  <testcase classname="testcases.AddCustomerTest" name="addCustomer" time="1.972"/>
  <testcase classname="testcases.AddCustomerTest" name="addCustomer" time="1.681"/>
</testsuite> <!-- Add Customer Test -->
