<?xml version="1.0" encoding="UTF-8"?>
<!-- Generated by org.testng.reporters.JUnitXMLReporter -->
<testsuite ignored="0" hostname="DESKTOP-H1PDUQ8" failures="0" tests="3" name="Open Account Test" time="4.791" errors="0" timestamp="2024-06-10T18:15:19 IST">
  <testcase classname="testcases.OpenAccountTest" name="openAccount" time="1.733"/>
  <testcase classname="testcases.OpenAccountTest" name="openAccount" time="1.545"/>
  <testcase classname="testcases.OpenAccountTest" name="openAccount" time="1.449"/>
</testsuite> <!-- Open Account Test -->
